<?xml version="1.0" encoding="UTF-8"?>
<testng-results skipped="0" failed="0" ignored="0" total="1" passed="1">
  <reporter-output>
  </reporter-output>
  <suite name="Default suite" duration-ms="2407" started-at="2022-10-28T16:03:59Z" finished-at="2022-10-28T16:04:02Z">
    <groups>
    </groups>
    <test name="Default test" duration-ms="2407" started-at="2022-10-28T16:03:59Z" finished-at="2022-10-28T16:04:02Z">
      <class name="testCases.ReadAllProducts">
        <test-method status="PASS" signature="readAllProducts()[pri:0, instance:testCases.ReadAllProducts@2890c451]" name="readAllProducts" duration-ms="2393" started-at="2022-10-28T16:03:59Z" finished-at="2022-10-28T16:04:02Z">
          <reporter-output>
          </reporter-output>
        </test-method> <!-- readAllProducts -->
      </class> <!-- testCases.ReadAllProducts -->
    </test> <!-- Default test -->
  </suite> <!-- Default suite -->
</testng-results>
